<?xml version="1.0" encoding="UTF-8"?>
<Site BuildName="(empty)"
	BuildStamp="20231109-0808-Experimental"
	Name="ubuntu-linux-20-04-desktop"
	Generator="ctest-3.16.3"
	CompilerName="/usr/bin/aarch64-linux-gnu-g++"
	CompilerVersion="9.3.0"
	OSName="Linux"
	Hostname="ubuntu-linux-20-04-desktop"
	OSRelease="5.4.0-66-generic"
	OSVersion="#74-Ubuntu SMP Wed Jan 27 22:56:23 UTC 2021"
	OSPlatform="aarch64"
	Is64Bits="1"
	VendorString=""
	VendorID="Unknown Manufacturer"
	FamilyID="8"
	ModelID="0"
	ProcessorCacheSize="0"
	NumberOfLogicalCPU="2"
	NumberOfPhysicalCPU="1"
	TotalVirtualMemory="2047"
	TotalPhysicalMemory="1980"
	LogicalProcessorsPerPhysical="2"
	ProcessorClockFrequency="0"
	>
	<Testing>
		<StartDateTime>Nov 09 17:08 JST</StartDateTime>
		<StartTestTime>1699517319</StartTestTime>
		<TestList/>
		<EndDateTime>Nov 09 17:08 JST</EndDateTime>
		<EndTestTime>1699517319</EndTestTime>
		<ElapsedMinutes>0</ElapsedMinutes>
	</Testing>
</Site>
